The target system is: Linux -  - arm
The host system is: Linux - 3.19.0-47-generic - x86_64
Compiling the C compiler identification source file "CMakeCCompilerId.c" succeeded.
Compiler: /home/ljb2208/raspberry_pi/toolchains/arm-unknown-linux-gnueabihf/bin/arm-unknown-linux-gnueabihf-gcc 
Build flags: ;-U_FORTIFY_SOURCE
Id flags: 

The output was:
0


Compilation of the C compiler identification source "CMakeCCompilerId.c" produced "a.out"

The C compiler identification is GNU, found in "/home/ljb2208/development/wifi/xwf/build/arm-linux/release/CMakeFiles/3.2.2/CompilerIdC/a.out"

Compiling the CXX compiler identification source file "CMakeCXXCompilerId.cpp" succeeded.
Compiler: /home/ljb2208/raspberry_pi/toolchains/arm-unknown-linux-gnueabihf/bin/arm-unknown-linux-gnueabihf-g++ 
Build flags: 
Id flags: 

The output was:
0


Compilation of the CXX compiler identification source "CMakeCXXCompilerId.cpp" produced "a.out"

The CXX compiler identification is GNU, found in "/home/ljb2208/development/wifi/xwf/build/arm-linux/release/CMakeFiles/3.2.2/CompilerIdCXX/a.out"

Determining if the C compiler works passed with the following output:
Change Dir: /home/ljb2208/development/wifi/xwf/build/arm-linux/release/CMakeFiles/CMakeTmp

Run Build Command:"/usr/bin/make" "cmTryCompileExec474837630/fast"
/usr/bin/make -f CMakeFiles/cmTryCompileExec474837630.dir/build.make CMakeFiles/cmTryCompileExec474837630.dir/build
make[1]: Entering directory `/home/ljb2208/development/wifi/xwf/build/arm-linux/release/CMakeFiles/CMakeTmp'
/usr/bin/cmake -E cmake_progress_report /home/ljb2208/development/wifi/xwf/build/arm-linux/release/CMakeFiles/CMakeTmp/CMakeFiles 1
Building C object CMakeFiles/cmTryCompileExec474837630.dir/testCCompiler.c.o
/home/ljb2208/raspberry_pi/toolchains/arm-unknown-linux-gnueabihf/bin/arm-unknown-linux-gnueabihf-gcc   -mcpu=arm1176jzf-s -mfpu=vfp -mfloat-abi=hard -o CMakeFiles/cmTryCompileExec474837630.dir/testCCompiler.c.o   -c /home/ljb2208/development/wifi/xwf/build/arm-linux/release/CMakeFiles/CMakeTmp/testCCompiler.c
Linking C executable cmTryCompileExec474837630
/usr/bin/cmake -E cmake_link_script CMakeFiles/cmTryCompileExec474837630.dir/link.txt --verbose=1
/home/ljb2208/raspberry_pi/toolchains/arm-unknown-linux-gnueabihf/bin/arm-unknown-linux-gnueabihf-gcc       CMakeFiles/cmTryCompileExec474837630.dir/testCCompiler.c.o  -o cmTryCompileExec474837630 -rdynamic 
make[1]: Leaving directory `/home/ljb2208/development/wifi/xwf/build/arm-linux/release/CMakeFiles/CMakeTmp'


Detecting C compiler ABI info compiled with the following output:
Change Dir: /home/ljb2208/development/wifi/xwf/build/arm-linux/release/CMakeFiles/CMakeTmp

Run Build Command:"/usr/bin/make" "cmTryCompileExec1126846785/fast"
/usr/bin/make -f CMakeFiles/cmTryCompileExec1126846785.dir/build.make CMakeFiles/cmTryCompileExec1126846785.dir/build
make[1]: Entering directory `/home/ljb2208/development/wifi/xwf/build/arm-linux/release/CMakeFiles/CMakeTmp'
/usr/bin/cmake -E cmake_progress_report /home/ljb2208/development/wifi/xwf/build/arm-linux/release/CMakeFiles/CMakeTmp/CMakeFiles 1
Building C object CMakeFiles/cmTryCompileExec1126846785.dir/CMakeCCompilerABI.c.o
/home/ljb2208/raspberry_pi/toolchains/arm-unknown-linux-gnueabihf/bin/arm-unknown-linux-gnueabihf-gcc   -mcpu=arm1176jzf-s -mfpu=vfp -mfloat-abi=hard -o CMakeFiles/cmTryCompileExec1126846785.dir/CMakeCCompilerABI.c.o   -c /usr/share/cmake-3.2/Modules/CMakeCCompilerABI.c
Linking C executable cmTryCompileExec1126846785
/usr/bin/cmake -E cmake_link_script CMakeFiles/cmTryCompileExec1126846785.dir/link.txt --verbose=1
/home/ljb2208/raspberry_pi/toolchains/arm-unknown-linux-gnueabihf/bin/arm-unknown-linux-gnueabihf-gcc      -v CMakeFiles/cmTryCompileExec1126846785.dir/CMakeCCompilerABI.c.o  -o cmTryCompileExec1126846785 -rdynamic  
Using built-in specs.
COLLECT_GCC=/home/ljb2208/raspberry_pi/toolchains/arm-unknown-linux-gnueabihf/bin/arm-unknown-linux-gnueabihf-gcc
COLLECT_LTO_WRAPPER=/home/ljb2208/raspberry_pi/toolchains/arm-unknown-linux-gnueabihf/libexec/gcc/arm-unknown-linux-gnueabihf/4.7.3/lto-wrapper
Target: arm-unknown-linux-gnueabihf
Configured with: /home/ljb2208/raspberry_pi/build/toolchain/.build/src/gcc-linaro-4.7-2013.01/configure --build=x86_64-build_unknown-linux-gnu --host=x86_64-build_unknown-linux-gnu --target=arm-unknown-linux-gnueabihf --prefix=/home/ljb2208/raspberry_pi/toolchains/arm-unknown-linux-gnueabihf --with-sysroot=/home/ljb2208/raspberry_pi/toolchains/arm-unknown-linux-gnueabihf/arm-unknown-linux-gnueabihf/sysroot --enable-languages=c,c++ --with-float=hard --with-pkgversion='crosstool-NG 1.18.0' --enable-__cxa_atexit --disable-libmudflap --disable-libgomp --disable-libssp --disable-libquadmath --disable-libquadmath-support --with-gmp=/home/ljb2208/raspberry_pi/build/toolchain/.build/arm-unknown-linux-gnueabihf/buildtools --with-mpfr=/home/ljb2208/raspberry_pi/build/toolchain/.build/arm-unknown-linux-gnueabihf/buildtools --with-mpc=/home/ljb2208/raspberry_pi/build/toolchain/.build/arm-unknown-linux-gnueabihf/buildtools --with-ppl=/home/ljb2208/raspberry_pi/build/toolchain/.build/arm-unknown-linux-gnueabihf/buildtools --with-cloog=/home/ljb2208/raspberry_pi/build/toolchain/.build/arm-unknown-linux-gnueabihf/buildtools --with-libelf=/home/ljb2208/raspberry_pi/build/toolchain/.build/arm-unknown-linux-gnueabihf/buildtools --with-host-libstdcxx='-static-libgcc -Wl,-Bstatic,-lstdc++,-Bdynamic -lm -L/home/ljb2208/raspberry_pi/build/toolchain/.build/arm-unknown-linux-gnueabihf/buildtools/lib -lpwl' --enable-threads=posix --enable-target-optspace --disable-nls --disable-multilib --with-local-prefix=/home/ljb2208/raspberry_pi/toolchains/arm-unknown-linux-gnueabihf/arm-unknown-linux-gnueabihf/sysroot --enable-c99 --enable-long-long
Thread model: posix
gcc version 4.7.3 20130102 (prerelease) (crosstool-NG 1.18.0) 
COMPILER_PATH=/home/ljb2208/raspberry_pi/toolchains/arm-unknown-linux-gnueabihf/libexec/gcc/arm-unknown-linux-gnueabihf/4.7.3/:/home/ljb2208/raspberry_pi/toolchains/arm-unknown-linux-gnueabihf/libexec/gcc/arm-unknown-linux-gnueabihf/4.7.3/:/home/ljb2208/raspberry_pi/toolchains/arm-unknown-linux-gnueabihf/libexec/gcc/arm-unknown-linux-gnueabihf/:/home/ljb2208/raspberry_pi/toolchains/arm-unknown-linux-gnueabihf/lib/gcc/arm-unknown-linux-gnueabihf/4.7.3/:/home/ljb2208/raspberry_pi/toolchains/arm-unknown-linux-gnueabihf/lib/gcc/arm-unknown-linux-gnueabihf/:/home/ljb2208/raspberry_pi/toolchains/arm-unknown-linux-gnueabihf/lib/gcc/arm-unknown-linux-gnueabihf/4.7.3/../../../../arm-unknown-linux-gnueabihf/bin/
LIBRARY_PATH=/home/ljb2208/raspberry_pi/toolchains/arm-unknown-linux-gnueabihf/lib/gcc/arm-unknown-linux-gnueabihf/4.7.3/:/home/ljb2208/raspberry_pi/toolchains/arm-unknown-linux-gnueabihf/lib/gcc/arm-unknown-linux-gnueabihf/4.7.3/../../../../arm-unknown-linux-gnueabihf/lib/:/home/ljb2208/raspberry_pi/toolchains/arm-unknown-linux-gnueabihf/arm-unknown-linux-gnueabihf/sysroot/lib/:/home/ljb2208/raspberry_pi/toolchains/arm-unknown-linux-gnueabihf/arm-unknown-linux-gnueabihf/sysroot/usr/lib/
COLLECT_GCC_OPTIONS='-v' '-o' 'cmTryCompileExec1126846785' '-rdynamic' '-mfloat-abi=hard' '-mtls-dialect=gnu'
 /home/ljb2208/raspberry_pi/toolchains/arm-unknown-linux-gnueabihf/libexec/gcc/arm-unknown-linux-gnueabihf/4.7.3/collect2 --sysroot=/home/ljb2208/raspberry_pi/toolchains/arm-unknown-linux-gnueabihf/arm-unknown-linux-gnueabihf/sysroot --eh-frame-hdr -export-dynamic -dynamic-linker /lib/ld-linux-armhf.so.3 -X -m armelf_linux_eabi -o cmTryCompileExec1126846785 /home/ljb2208/raspberry_pi/toolchains/arm-unknown-linux-gnueabihf/arm-unknown-linux-gnueabihf/sysroot/usr/lib/crt1.o /home/ljb2208/raspberry_pi/toolchains/arm-unknown-linux-gnueabihf/arm-unknown-linux-gnueabihf/sysroot/usr/lib/crti.o /home/ljb2208/raspberry_pi/toolchains/arm-unknown-linux-gnueabihf/lib/gcc/arm-unknown-linux-gnueabihf/4.7.3/crtbegin.o -L/home/ljb2208/raspberry_pi/toolchains/arm-unknown-linux-gnueabihf/lib/gcc/arm-unknown-linux-gnueabihf/4.7.3 -L/home/ljb2208/raspberry_pi/toolchains/arm-unknown-linux-gnueabihf/lib/gcc/arm-unknown-linux-gnueabihf/4.7.3/../../../../arm-unknown-linux-gnueabihf/lib -L/home/ljb2208/raspberry_pi/toolchains/arm-unknown-linux-gnueabihf/arm-unknown-linux-gnueabihf/sysroot/lib -L/home/ljb2208/raspberry_pi/toolchains/arm-unknown-linux-gnueabihf/arm-unknown-linux-gnueabihf/sysroot/usr/lib CMakeFiles/cmTryCompileExec1126846785.dir/CMakeCCompilerABI.c.o -lgcc --as-needed -lgcc_s --no-as-needed -lc -lgcc --as-needed -lgcc_s --no-as-needed /home/ljb2208/raspberry_pi/toolchains/arm-unknown-linux-gnueabihf/lib/gcc/arm-unknown-linux-gnueabihf/4.7.3/crtend.o /home/ljb2208/raspberry_pi/toolchains/arm-unknown-linux-gnueabihf/arm-unknown-linux-gnueabihf/sysroot/usr/lib/crtn.o
make[1]: Leaving directory `/home/ljb2208/development/wifi/xwf/build/arm-linux/release/CMakeFiles/CMakeTmp'


Parsed C implicit link information from above output:
  link line regex: [^( *|.*[/\])(arm-unknown-linux-gnueabihf-ld|([^/\]+-)?ld|collect2)[^/\]*( |$)]
  ignore line: [Change Dir: /home/ljb2208/development/wifi/xwf/build/arm-linux/release/CMakeFiles/CMakeTmp]
  ignore line: []
  ignore line: [Run Build Command:"/usr/bin/make" "cmTryCompileExec1126846785/fast"]
  ignore line: [/usr/bin/make -f CMakeFiles/cmTryCompileExec1126846785.dir/build.make CMakeFiles/cmTryCompileExec1126846785.dir/build]
  ignore line: [make[1]: Entering directory `/home/ljb2208/development/wifi/xwf/build/arm-linux/release/CMakeFiles/CMakeTmp']
  ignore line: [/usr/bin/cmake -E cmake_progress_report /home/ljb2208/development/wifi/xwf/build/arm-linux/release/CMakeFiles/CMakeTmp/CMakeFiles 1]
  ignore line: [Building C object CMakeFiles/cmTryCompileExec1126846785.dir/CMakeCCompilerABI.c.o]
  ignore line: [/home/ljb2208/raspberry_pi/toolchains/arm-unknown-linux-gnueabihf/bin/arm-unknown-linux-gnueabihf-gcc   -mcpu=arm1176jzf-s -mfpu=vfp -mfloat-abi=hard -o CMakeFiles/cmTryCompileExec1126846785.dir/CMakeCCompilerABI.c.o   -c /usr/share/cmake-3.2/Modules/CMakeCCompilerABI.c]
  ignore line: [Linking C executable cmTryCompileExec1126846785]
  ignore line: [/usr/bin/cmake -E cmake_link_script CMakeFiles/cmTryCompileExec1126846785.dir/link.txt --verbose=1]
  ignore line: [/home/ljb2208/raspberry_pi/toolchains/arm-unknown-linux-gnueabihf/bin/arm-unknown-linux-gnueabihf-gcc      -v CMakeFiles/cmTryCompileExec1126846785.dir/CMakeCCompilerABI.c.o  -o cmTryCompileExec1126846785 -rdynamic  ]
  ignore line: [Using built-in specs.]
  ignore line: [COLLECT_GCC=/home/ljb2208/raspberry_pi/toolchains/arm-unknown-linux-gnueabihf/bin/arm-unknown-linux-gnueabihf-gcc]
  ignore line: [COLLECT_LTO_WRAPPER=/home/ljb2208/raspberry_pi/toolchains/arm-unknown-linux-gnueabihf/libexec/gcc/arm-unknown-linux-gnueabihf/4.7.3/lto-wrapper]
  ignore line: [Target: arm-unknown-linux-gnueabihf]
  ignore line: [Configured with: /home/ljb2208/raspberry_pi/build/toolchain/.build/src/gcc-linaro-4.7-2013.01/configure --build=x86_64-build_unknown-linux-gnu --host=x86_64-build_unknown-linux-gnu --target=arm-unknown-linux-gnueabihf --prefix=/home/ljb2208/raspberry_pi/toolchains/arm-unknown-linux-gnueabihf --with-sysroot=/home/ljb2208/raspberry_pi/toolchains/arm-unknown-linux-gnueabihf/arm-unknown-linux-gnueabihf/sysroot --enable-languages=c,c++ --with-float=hard --with-pkgversion='crosstool-NG 1.18.0' --enable-__cxa_atexit --disable-libmudflap --disable-libgomp --disable-libssp --disable-libquadmath --disable-libquadmath-support --with-gmp=/home/ljb2208/raspberry_pi/build/toolchain/.build/arm-unknown-linux-gnueabihf/buildtools --with-mpfr=/home/ljb2208/raspberry_pi/build/toolchain/.build/arm-unknown-linux-gnueabihf/buildtools --with-mpc=/home/ljb2208/raspberry_pi/build/toolchain/.build/arm-unknown-linux-gnueabihf/buildtools --with-ppl=/home/ljb2208/raspberry_pi/build/toolchain/.build/arm-unknown-linux-gnueabihf/buildtools --with-cloog=/home/ljb2208/raspberry_pi/build/toolchain/.build/arm-unknown-linux-gnueabihf/buildtools --with-libelf=/home/ljb2208/raspberry_pi/build/toolchain/.build/arm-unknown-linux-gnueabihf/buildtools --with-host-libstdcxx='-static-libgcc -Wl,-Bstatic,-lstdc++,-Bdynamic -lm -L/home/ljb2208/raspberry_pi/build/toolchain/.build/arm-unknown-linux-gnueabihf/buildtools/lib -lpwl' --enable-threads=posix --enable-target-optspace --disable-nls --disable-multilib --with-local-prefix=/home/ljb2208/raspberry_pi/toolchains/arm-unknown-linux-gnueabihf/arm-unknown-linux-gnueabihf/sysroot --enable-c99 --enable-long-long]
  ignore line: [Thread model: posix]
  ignore line: [gcc version 4.7.3 20130102 (prerelease) (crosstool-NG 1.18.0) ]
  ignore line: [COMPILER_PATH=/home/ljb2208/raspberry_pi/toolchains/arm-unknown-linux-gnueabihf/libexec/gcc/arm-unknown-linux-gnueabihf/4.7.3/:/home/ljb2208/raspberry_pi/toolchains/arm-unknown-linux-gnueabihf/libexec/gcc/arm-unknown-linux-gnueabihf/4.7.3/:/home/ljb2208/raspberry_pi/toolchains/arm-unknown-linux-gnueabihf/libexec/gcc/arm-unknown-linux-gnueabihf/:/home/ljb2208/raspberry_pi/toolchains/arm-unknown-linux-gnueabihf/lib/gcc/arm-unknown-linux-gnueabihf/4.7.3/:/home/ljb2208/raspberry_pi/toolchains/arm-unknown-linux-gnueabihf/lib/gcc/arm-unknown-linux-gnueabihf/:/home/ljb2208/raspberry_pi/toolchains/arm-unknown-linux-gnueabihf/lib/gcc/arm-unknown-linux-gnueabihf/4.7.3/../../../../arm-unknown-linux-gnueabihf/bin/]
  ignore line: [LIBRARY_PATH=/home/ljb2208/raspberry_pi/toolchains/arm-unknown-linux-gnueabihf/lib/gcc/arm-unknown-linux-gnueabihf/4.7.3/:/home/ljb2208/raspberry_pi/toolchains/arm-unknown-linux-gnueabihf/lib/gcc/arm-unknown-linux-gnueabihf/4.7.3/../../../../arm-unknown-linux-gnueabihf/lib/:/home/ljb2208/raspberry_pi/toolchains/arm-unknown-linux-gnueabihf/arm-unknown-linux-gnueabihf/sysroot/lib/:/home/ljb2208/raspberry_pi/toolchains/arm-unknown-linux-gnueabihf/arm-unknown-linux-gnueabihf/sysroot/usr/lib/]
  ignore line: [COLLECT_GCC_OPTIONS='-v' '-o' 'cmTryCompileExec1126846785' '-rdynamic' '-mfloat-abi=hard' '-mtls-dialect=gnu']
  link line: [ /home/ljb2208/raspberry_pi/toolchains/arm-unknown-linux-gnueabihf/libexec/gcc/arm-unknown-linux-gnueabihf/4.7.3/collect2 --sysroot=/home/ljb2208/raspberry_pi/toolchains/arm-unknown-linux-gnueabihf/arm-unknown-linux-gnueabihf/sysroot --eh-frame-hdr -export-dynamic -dynamic-linker /lib/ld-linux-armhf.so.3 -X -m armelf_linux_eabi -o cmTryCompileExec1126846785 /home/ljb2208/raspberry_pi/toolchains/arm-unknown-linux-gnueabihf/arm-unknown-linux-gnueabihf/sysroot/usr/lib/crt1.o /home/ljb2208/raspberry_pi/toolchains/arm-unknown-linux-gnueabihf/arm-unknown-linux-gnueabihf/sysroot/usr/lib/crti.o /home/ljb2208/raspberry_pi/toolchains/arm-unknown-linux-gnueabihf/lib/gcc/arm-unknown-linux-gnueabihf/4.7.3/crtbegin.o -L/home/ljb2208/raspberry_pi/toolchains/arm-unknown-linux-gnueabihf/lib/gcc/arm-unknown-linux-gnueabihf/4.7.3 -L/home/ljb2208/raspberry_pi/toolchains/arm-unknown-linux-gnueabihf/lib/gcc/arm-unknown-linux-gnueabihf/4.7.3/../../../../arm-unknown-linux-gnueabihf/lib -L/home/ljb2208/raspberry_pi/toolchains/arm-unknown-linux-gnueabihf/arm-unknown-linux-gnueabihf/sysroot/lib -L/home/ljb2208/raspberry_pi/toolchains/arm-unknown-linux-gnueabihf/arm-unknown-linux-gnueabihf/sysroot/usr/lib CMakeFiles/cmTryCompileExec1126846785.dir/CMakeCCompilerABI.c.o -lgcc --as-needed -lgcc_s --no-as-needed -lc -lgcc --as-needed -lgcc_s --no-as-needed /home/ljb2208/raspberry_pi/toolchains/arm-unknown-linux-gnueabihf/lib/gcc/arm-unknown-linux-gnueabihf/4.7.3/crtend.o /home/ljb2208/raspberry_pi/toolchains/arm-unknown-linux-gnueabihf/arm-unknown-linux-gnueabihf/sysroot/usr/lib/crtn.o]
    arg [/home/ljb2208/raspberry_pi/toolchains/arm-unknown-linux-gnueabihf/libexec/gcc/arm-unknown-linux-gnueabihf/4.7.3/collect2] ==> ignore
    arg [--sysroot=/home/ljb2208/raspberry_pi/toolchains/arm-unknown-linux-gnueabihf/arm-unknown-linux-gnueabihf/sysroot] ==> ignore
    arg [--eh-frame-hdr] ==> ignore
    arg [-export-dynamic] ==> ignore
    arg [-dynamic-linker] ==> ignore
    arg [/lib/ld-linux-armhf.so.3] ==> ignore
    arg [-X] ==> ignore
    arg [-m] ==> ignore
    arg [armelf_linux_eabi] ==> ignore
    arg [-o] ==> ignore
    arg [cmTryCompileExec1126846785] ==> ignore
    arg [/home/ljb2208/raspberry_pi/toolchains/arm-unknown-linux-gnueabihf/arm-unknown-linux-gnueabihf/sysroot/usr/lib/crt1.o] ==> ignore
    arg [/home/ljb2208/raspberry_pi/toolchains/arm-unknown-linux-gnueabihf/arm-unknown-linux-gnueabihf/sysroot/usr/lib/crti.o] ==> ignore
    arg [/home/ljb2208/raspberry_pi/toolchains/arm-unknown-linux-gnueabihf/lib/gcc/arm-unknown-linux-gnueabihf/4.7.3/crtbegin.o] ==> ignore
    arg [-L/home/ljb2208/raspberry_pi/toolchains/arm-unknown-linux-gnueabihf/lib/gcc/arm-unknown-linux-gnueabihf/4.7.3] ==> dir [/home/ljb2208/raspberry_pi/toolchains/arm-unknown-linux-gnueabihf/lib/gcc/arm-unknown-linux-gnueabihf/4.7.3]
    arg [-L/home/ljb2208/raspberry_pi/toolchains/arm-unknown-linux-gnueabihf/lib/gcc/arm-unknown-linux-gnueabihf/4.7.3/../../../../arm-unknown-linux-gnueabihf/lib] ==> dir [/home/ljb2208/raspberry_pi/toolchains/arm-unknown-linux-gnueabihf/lib/gcc/arm-unknown-linux-gnueabihf/4.7.3/../../../../arm-unknown-linux-gnueabihf/lib]
    arg [-L/home/ljb2208/raspberry_pi/toolchains/arm-unknown-linux-gnueabihf/arm-unknown-linux-gnueabihf/sysroot/lib] ==> dir [/home/ljb2208/raspberry_pi/toolchains/arm-unknown-linux-gnueabihf/arm-unknown-linux-gnueabihf/sysroot/lib]
    arg [-L/home/ljb2208/raspberry_pi/toolchains/arm-unknown-linux-gnueabihf/arm-unknown-linux-gnueabihf/sysroot/usr/lib] ==> dir [/home/ljb2208/raspberry_pi/toolchains/arm-unknown-linux-gnueabihf/arm-unknown-linux-gnueabihf/sysroot/usr/lib]
    arg [CMakeFiles/cmTryCompileExec1126846785.dir/CMakeCCompilerABI.c.o] ==> ignore
    arg [-lgcc] ==> lib [gcc]
    arg [--as-needed] ==> ignore
    arg [-lgcc_s] ==> lib [gcc_s]
    arg [--no-as-needed] ==> ignore
    arg [-lc] ==> lib [c]
    arg [-lgcc] ==> lib [gcc]
    arg [--as-needed] ==> ignore
    arg [-lgcc_s] ==> lib [gcc_s]
    arg [--no-as-needed] ==> ignore
    arg [/home/ljb2208/raspberry_pi/toolchains/arm-unknown-linux-gnueabihf/lib/gcc/arm-unknown-linux-gnueabihf/4.7.3/crtend.o] ==> ignore
    arg [/home/ljb2208/raspberry_pi/toolchains/arm-unknown-linux-gnueabihf/arm-unknown-linux-gnueabihf/sysroot/usr/lib/crtn.o] ==> ignore
  remove lib [gcc]
  remove lib [gcc_s]
  remove lib [gcc]
  remove lib [gcc_s]
  collapse library dir [/home/ljb2208/raspberry_pi/toolchains/arm-unknown-linux-gnueabihf/lib/gcc/arm-unknown-linux-gnueabihf/4.7.3] ==> [/home/ljb2208/raspberry_pi/toolchains/arm-unknown-linux-gnueabihf/lib/gcc/arm-unknown-linux-gnueabihf/4.7.3]
  collapse library dir [/home/ljb2208/raspberry_pi/toolchains/arm-unknown-linux-gnueabihf/lib/gcc/arm-unknown-linux-gnueabihf/4.7.3/../../../../arm-unknown-linux-gnueabihf/lib] ==> [/home/ljb2208/raspberry_pi/toolchains/arm-unknown-linux-gnueabihf/arm-unknown-linux-gnueabihf/lib]
  collapse library dir [/home/ljb2208/raspberry_pi/toolchains/arm-unknown-linux-gnueabihf/arm-unknown-linux-gnueabihf/sysroot/lib] ==> [/home/ljb2208/raspberry_pi/toolchains/arm-unknown-linux-gnueabihf/arm-unknown-linux-gnueabihf/sysroot/lib]
  collapse library dir [/home/ljb2208/raspberry_pi/toolchains/arm-unknown-linux-gnueabihf/arm-unknown-linux-gnueabihf/sysroot/usr/lib] ==> [/home/ljb2208/raspberry_pi/toolchains/arm-unknown-linux-gnueabihf/arm-unknown-linux-gnueabihf/sysroot/usr/lib]
  implicit libs: [c]
  implicit dirs: [/home/ljb2208/raspberry_pi/toolchains/arm-unknown-linux-gnueabihf/lib/gcc/arm-unknown-linux-gnueabihf/4.7.3;/home/ljb2208/raspberry_pi/toolchains/arm-unknown-linux-gnueabihf/arm-unknown-linux-gnueabihf/lib;/home/ljb2208/raspberry_pi/toolchains/arm-unknown-linux-gnueabihf/arm-unknown-linux-gnueabihf/sysroot/lib;/home/ljb2208/raspberry_pi/toolchains/arm-unknown-linux-gnueabihf/arm-unknown-linux-gnueabihf/sysroot/usr/lib]
  implicit fwks: []




Detecting C [-std=c11] compiler features compiled with the following output:
Change Dir: /home/ljb2208/development/wifi/xwf/build/arm-linux/release/CMakeFiles/CMakeTmp

Run Build Command:"/usr/bin/make" "cmTryCompileExec1417096260/fast"
/usr/bin/make -f CMakeFiles/cmTryCompileExec1417096260.dir/build.make CMakeFiles/cmTryCompileExec1417096260.dir/build
make[1]: Entering directory `/home/ljb2208/development/wifi/xwf/build/arm-linux/release/CMakeFiles/CMakeTmp'
/usr/bin/cmake -E cmake_progress_report /home/ljb2208/development/wifi/xwf/build/arm-linux/release/CMakeFiles/CMakeTmp/CMakeFiles 1
Building C object CMakeFiles/cmTryCompileExec1417096260.dir/feature_tests.c.o
/home/ljb2208/raspberry_pi/toolchains/arm-unknown-linux-gnueabihf/bin/arm-unknown-linux-gnueabihf-gcc   -mcpu=arm1176jzf-s -mfpu=vfp -mfloat-abi=hard -std=c11 -o CMakeFiles/cmTryCompileExec1417096260.dir/feature_tests.c.o   -c /home/ljb2208/development/wifi/xwf/build/arm-linux/release/CMakeFiles/feature_tests.c
Linking C executable cmTryCompileExec1417096260
/usr/bin/cmake -E cmake_link_script CMakeFiles/cmTryCompileExec1417096260.dir/link.txt --verbose=1
/home/ljb2208/raspberry_pi/toolchains/arm-unknown-linux-gnueabihf/bin/arm-unknown-linux-gnueabihf-gcc       CMakeFiles/cmTryCompileExec1417096260.dir/feature_tests.c.o  -o cmTryCompileExec1417096260 -rdynamic 
make[1]: Leaving directory `/home/ljb2208/development/wifi/xwf/build/arm-linux/release/CMakeFiles/CMakeTmp'


    Feature record: C_FEATURE:1c_function_prototypes
    Feature record: C_FEATURE:1c_restrict
    Feature record: C_FEATURE:1c_static_assert
    Feature record: C_FEATURE:1c_variadic_macros


Detecting C [-std=c99] compiler features compiled with the following output:
Change Dir: /home/ljb2208/development/wifi/xwf/build/arm-linux/release/CMakeFiles/CMakeTmp

Run Build Command:"/usr/bin/make" "cmTryCompileExec4086008848/fast"
/usr/bin/make -f CMakeFiles/cmTryCompileExec4086008848.dir/build.make CMakeFiles/cmTryCompileExec4086008848.dir/build
make[1]: Entering directory `/home/ljb2208/development/wifi/xwf/build/arm-linux/release/CMakeFiles/CMakeTmp'
/usr/bin/cmake -E cmake_progress_report /home/ljb2208/development/wifi/xwf/build/arm-linux/release/CMakeFiles/CMakeTmp/CMakeFiles 1
Building C object CMakeFiles/cmTryCompileExec4086008848.dir/feature_tests.c.o
/home/ljb2208/raspberry_pi/toolchains/arm-unknown-linux-gnueabihf/bin/arm-unknown-linux-gnueabihf-gcc   -mcpu=arm1176jzf-s -mfpu=vfp -mfloat-abi=hard -std=c99 -o CMakeFiles/cmTryCompileExec4086008848.dir/feature_tests.c.o   -c /home/ljb2208/development/wifi/xwf/build/arm-linux/release/CMakeFiles/feature_tests.c
Linking C executable cmTryCompileExec4086008848
/usr/bin/cmake -E cmake_link_script CMakeFiles/cmTryCompileExec4086008848.dir/link.txt --verbose=1
/home/ljb2208/raspberry_pi/toolchains/arm-unknown-linux-gnueabihf/bin/arm-unknown-linux-gnueabihf-gcc       CMakeFiles/cmTryCompileExec4086008848.dir/feature_tests.c.o  -o cmTryCompileExec4086008848 -rdynamic 
make[1]: Leaving directory `/home/ljb2208/development/wifi/xwf/build/arm-linux/release/CMakeFiles/CMakeTmp'


    Feature record: C_FEATURE:1c_function_prototypes
    Feature record: C_FEATURE:1c_restrict
    Feature record: C_FEATURE:0c_static_assert
    Feature record: C_FEATURE:1c_variadic_macros


Detecting C [-std=c90] compiler features compiled with the following output:
Change Dir: /home/ljb2208/development/wifi/xwf/build/arm-linux/release/CMakeFiles/CMakeTmp

Run Build Command:"/usr/bin/make" "cmTryCompileExec3082431692/fast"
/usr/bin/make -f CMakeFiles/cmTryCompileExec3082431692.dir/build.make CMakeFiles/cmTryCompileExec3082431692.dir/build
make[1]: Entering directory `/home/ljb2208/development/wifi/xwf/build/arm-linux/release/CMakeFiles/CMakeTmp'
/usr/bin/cmake -E cmake_progress_report /home/ljb2208/development/wifi/xwf/build/arm-linux/release/CMakeFiles/CMakeTmp/CMakeFiles 1
Building C object CMakeFiles/cmTryCompileExec3082431692.dir/feature_tests.c.o
/home/ljb2208/raspberry_pi/toolchains/arm-unknown-linux-gnueabihf/bin/arm-unknown-linux-gnueabihf-gcc   -mcpu=arm1176jzf-s -mfpu=vfp -mfloat-abi=hard -std=c90 -o CMakeFiles/cmTryCompileExec3082431692.dir/feature_tests.c.o   -c /home/ljb2208/development/wifi/xwf/build/arm-linux/release/CMakeFiles/feature_tests.c
Linking C executable cmTryCompileExec3082431692
/usr/bin/cmake -E cmake_link_script CMakeFiles/cmTryCompileExec3082431692.dir/link.txt --verbose=1
/home/ljb2208/raspberry_pi/toolchains/arm-unknown-linux-gnueabihf/bin/arm-unknown-linux-gnueabihf-gcc       CMakeFiles/cmTryCompileExec3082431692.dir/feature_tests.c.o  -o cmTryCompileExec3082431692 -rdynamic 
make[1]: Leaving directory `/home/ljb2208/development/wifi/xwf/build/arm-linux/release/CMakeFiles/CMakeTmp'


    Feature record: C_FEATURE:1c_function_prototypes
    Feature record: C_FEATURE:0c_restrict
    Feature record: C_FEATURE:0c_static_assert
    Feature record: C_FEATURE:0c_variadic_macros
Determining if the CXX compiler works passed with the following output:
Change Dir: /home/ljb2208/development/wifi/xwf/build/arm-linux/release/CMakeFiles/CMakeTmp

Run Build Command:"/usr/bin/make" "cmTryCompileExec2918811394/fast"
/usr/bin/make -f CMakeFiles/cmTryCompileExec2918811394.dir/build.make CMakeFiles/cmTryCompileExec2918811394.dir/build
make[1]: Entering directory `/home/ljb2208/development/wifi/xwf/build/arm-linux/release/CMakeFiles/CMakeTmp'
/usr/bin/cmake -E cmake_progress_report /home/ljb2208/development/wifi/xwf/build/arm-linux/release/CMakeFiles/CMakeTmp/CMakeFiles 1
Building CXX object CMakeFiles/cmTryCompileExec2918811394.dir/testCXXCompiler.cxx.o
/home/ljb2208/raspberry_pi/toolchains/arm-unknown-linux-gnueabihf/bin/arm-unknown-linux-gnueabihf-g++    -mcpu=arm1176jzf-s -mfpu=vfp -mfloat-abi=hard -o CMakeFiles/cmTryCompileExec2918811394.dir/testCXXCompiler.cxx.o -c /home/ljb2208/development/wifi/xwf/build/arm-linux/release/CMakeFiles/CMakeTmp/testCXXCompiler.cxx
Linking CXX executable cmTryCompileExec2918811394
/usr/bin/cmake -E cmake_link_script CMakeFiles/cmTryCompileExec2918811394.dir/link.txt --verbose=1
/home/ljb2208/raspberry_pi/toolchains/arm-unknown-linux-gnueabihf/bin/arm-unknown-linux-gnueabihf-g++        CMakeFiles/cmTryCompileExec2918811394.dir/testCXXCompiler.cxx.o  -o cmTryCompileExec2918811394 -rdynamic 
make[1]: Leaving directory `/home/ljb2208/development/wifi/xwf/build/arm-linux/release/CMakeFiles/CMakeTmp'


Detecting CXX compiler ABI info compiled with the following output:
Change Dir: /home/ljb2208/development/wifi/xwf/build/arm-linux/release/CMakeFiles/CMakeTmp

Run Build Command:"/usr/bin/make" "cmTryCompileExec1223847094/fast"
/usr/bin/make -f CMakeFiles/cmTryCompileExec1223847094.dir/build.make CMakeFiles/cmTryCompileExec1223847094.dir/build
make[1]: Entering directory `/home/ljb2208/development/wifi/xwf/build/arm-linux/release/CMakeFiles/CMakeTmp'
/usr/bin/cmake -E cmake_progress_report /home/ljb2208/development/wifi/xwf/build/arm-linux/release/CMakeFiles/CMakeTmp/CMakeFiles 1
Building CXX object CMakeFiles/cmTryCompileExec1223847094.dir/CMakeCXXCompilerABI.cpp.o
/home/ljb2208/raspberry_pi/toolchains/arm-unknown-linux-gnueabihf/bin/arm-unknown-linux-gnueabihf-g++    -mcpu=arm1176jzf-s -mfpu=vfp -mfloat-abi=hard -o CMakeFiles/cmTryCompileExec1223847094.dir/CMakeCXXCompilerABI.cpp.o -c /usr/share/cmake-3.2/Modules/CMakeCXXCompilerABI.cpp
Linking CXX executable cmTryCompileExec1223847094
/usr/bin/cmake -E cmake_link_script CMakeFiles/cmTryCompileExec1223847094.dir/link.txt --verbose=1
/home/ljb2208/raspberry_pi/toolchains/arm-unknown-linux-gnueabihf/bin/arm-unknown-linux-gnueabihf-g++       -v CMakeFiles/cmTryCompileExec1223847094.dir/CMakeCXXCompilerABI.cpp.o  -o cmTryCompileExec1223847094 -rdynamic  
Using built-in specs.
COLLECT_GCC=/home/ljb2208/raspberry_pi/toolchains/arm-unknown-linux-gnueabihf/bin/arm-unknown-linux-gnueabihf-g++
COLLECT_LTO_WRAPPER=/home/ljb2208/raspberry_pi/toolchains/arm-unknown-linux-gnueabihf/libexec/gcc/arm-unknown-linux-gnueabihf/4.7.3/lto-wrapper
Target: arm-unknown-linux-gnueabihf
Configured with: /home/ljb2208/raspberry_pi/build/toolchain/.build/src/gcc-linaro-4.7-2013.01/configure --build=x86_64-build_unknown-linux-gnu --host=x86_64-build_unknown-linux-gnu --target=arm-unknown-linux-gnueabihf --prefix=/home/ljb2208/raspberry_pi/toolchains/arm-unknown-linux-gnueabihf --with-sysroot=/home/ljb2208/raspberry_pi/toolchains/arm-unknown-linux-gnueabihf/arm-unknown-linux-gnueabihf/sysroot --enable-languages=c,c++ --with-float=hard --with-pkgversion='crosstool-NG 1.18.0' --enable-__cxa_atexit --disable-libmudflap --disable-libgomp --disable-libssp --disable-libquadmath --disable-libquadmath-support --with-gmp=/home/ljb2208/raspberry_pi/build/toolchain/.build/arm-unknown-linux-gnueabihf/buildtools --with-mpfr=/home/ljb2208/raspberry_pi/build/toolchain/.build/arm-unknown-linux-gnueabihf/buildtools --with-mpc=/home/ljb2208/raspberry_pi/build/toolchain/.build/arm-unknown-linux-gnueabihf/buildtools --with-ppl=/home/ljb2208/raspberry_pi/build/toolchain/.build/arm-unknown-linux-gnueabihf/buildtools --with-cloog=/home/ljb2208/raspberry_pi/build/toolchain/.build/arm-unknown-linux-gnueabihf/buildtools --with-libelf=/home/ljb2208/raspberry_pi/build/toolchain/.build/arm-unknown-linux-gnueabihf/buildtools --with-host-libstdcxx='-static-libgcc -Wl,-Bstatic,-lstdc++,-Bdynamic -lm -L/home/ljb2208/raspberry_pi/build/toolchain/.build/arm-unknown-linux-gnueabihf/buildtools/lib -lpwl' --enable-threads=posix --enable-target-optspace --disable-nls --disable-multilib --with-local-prefix=/home/ljb2208/raspberry_pi/toolchains/arm-unknown-linux-gnueabihf/arm-unknown-linux-gnueabihf/sysroot --enable-c99 --enable-long-long
Thread model: posix
gcc version 4.7.3 20130102 (prerelease) (crosstool-NG 1.18.0) 
COMPILER_PATH=/home/ljb2208/raspberry_pi/toolchains/arm-unknown-linux-gnueabihf/libexec/gcc/arm-unknown-linux-gnueabihf/4.7.3/:/home/ljb2208/raspberry_pi/toolchains/arm-unknown-linux-gnueabihf/libexec/gcc/arm-unknown-linux-gnueabihf/4.7.3/:/home/ljb2208/raspberry_pi/toolchains/arm-unknown-linux-gnueabihf/libexec/gcc/arm-unknown-linux-gnueabihf/:/home/ljb2208/raspberry_pi/toolchains/arm-unknown-linux-gnueabihf/lib/gcc/arm-unknown-linux-gnueabihf/4.7.3/:/home/ljb2208/raspberry_pi/toolchains/arm-unknown-linux-gnueabihf/lib/gcc/arm-unknown-linux-gnueabihf/:/home/ljb2208/raspberry_pi/toolchains/arm-unknown-linux-gnueabihf/lib/gcc/arm-unknown-linux-gnueabihf/4.7.3/../../../../arm-unknown-linux-gnueabihf/bin/
LIBRARY_PATH=/home/ljb2208/raspberry_pi/toolchains/arm-unknown-linux-gnueabihf/lib/gcc/arm-unknown-linux-gnueabihf/4.7.3/:/home/ljb2208/raspberry_pi/toolchains/arm-unknown-linux-gnueabihf/lib/gcc/arm-unknown-linux-gnueabihf/4.7.3/../../../../arm-unknown-linux-gnueabihf/lib/:/home/ljb2208/raspberry_pi/toolchains/arm-unknown-linux-gnueabihf/arm-unknown-linux-gnueabihf/sysroot/lib/:/home/ljb2208/raspberry_pi/toolchains/arm-unknown-linux-gnueabihf/arm-unknown-linux-gnueabihf/sysroot/usr/lib/
COLLECT_GCC_OPTIONS='-v' '-o' 'cmTryCompileExec1223847094' '-rdynamic' '-shared-libgcc' '-mfloat-abi=hard' '-mtls-dialect=gnu'
 /home/ljb2208/raspberry_pi/toolchains/arm-unknown-linux-gnueabihf/libexec/gcc/arm-unknown-linux-gnueabihf/4.7.3/collect2 --sysroot=/home/ljb2208/raspberry_pi/toolchains/arm-unknown-linux-gnueabihf/arm-unknown-linux-gnueabihf/sysroot --eh-frame-hdr -export-dynamic -dynamic-linker /lib/ld-linux-armhf.so.3 -X -m armelf_linux_eabi -o cmTryCompileExec1223847094 /home/ljb2208/raspberry_pi/toolchains/arm-unknown-linux-gnueabihf/arm-unknown-linux-gnueabihf/sysroot/usr/lib/crt1.o /home/ljb2208/raspberry_pi/toolchains/arm-unknown-linux-gnueabihf/arm-unknown-linux-gnueabihf/sysroot/usr/lib/crti.o /home/ljb2208/raspberry_pi/toolchains/arm-unknown-linux-gnueabihf/lib/gcc/arm-unknown-linux-gnueabihf/4.7.3/crtbegin.o -L/home/ljb2208/raspberry_pi/toolchains/arm-unknown-linux-gnueabihf/lib/gcc/arm-unknown-linux-gnueabihf/4.7.3 -L/home/ljb2208/raspberry_pi/toolchains/arm-unknown-linux-gnueabihf/lib/gcc/arm-unknown-linux-gnueabihf/4.7.3/../../../../arm-unknown-linux-gnueabihf/lib -L/home/ljb2208/raspberry_pi/toolchains/arm-unknown-linux-gnueabihf/arm-unknown-linux-gnueabihf/sysroot/lib -L/home/ljb2208/raspberry_pi/toolchains/arm-unknown-linux-gnueabihf/arm-unknown-linux-gnueabihf/sysroot/usr/lib CMakeFiles/cmTryCompileExec1223847094.dir/CMakeCXXCompilerABI.cpp.o -lstdc++ -lm -lgcc_s -lgcc -lc -lgcc_s -lgcc /home/ljb2208/raspberry_pi/toolchains/arm-unknown-linux-gnueabihf/lib/gcc/arm-unknown-linux-gnueabihf/4.7.3/crtend.o /home/ljb2208/raspberry_pi/toolchains/arm-unknown-linux-gnueabihf/arm-unknown-linux-gnueabihf/sysroot/usr/lib/crtn.o
make[1]: Leaving directory `/home/ljb2208/development/wifi/xwf/build/arm-linux/release/CMakeFiles/CMakeTmp'


Parsed CXX implicit link information from above output:
  link line regex: [^( *|.*[/\])(arm-unknown-linux-gnueabihf-ld|([^/\]+-)?ld|collect2)[^/\]*( |$)]
  ignore line: [Change Dir: /home/ljb2208/development/wifi/xwf/build/arm-linux/release/CMakeFiles/CMakeTmp]
  ignore line: []
  ignore line: [Run Build Command:"/usr/bin/make" "cmTryCompileExec1223847094/fast"]
  ignore line: [/usr/bin/make -f CMakeFiles/cmTryCompileExec1223847094.dir/build.make CMakeFiles/cmTryCompileExec1223847094.dir/build]
  ignore line: [make[1]: Entering directory `/home/ljb2208/development/wifi/xwf/build/arm-linux/release/CMakeFiles/CMakeTmp']
  ignore line: [/usr/bin/cmake -E cmake_progress_report /home/ljb2208/development/wifi/xwf/build/arm-linux/release/CMakeFiles/CMakeTmp/CMakeFiles 1]
  ignore line: [Building CXX object CMakeFiles/cmTryCompileExec1223847094.dir/CMakeCXXCompilerABI.cpp.o]
  ignore line: [/home/ljb2208/raspberry_pi/toolchains/arm-unknown-linux-gnueabihf/bin/arm-unknown-linux-gnueabihf-g++    -mcpu=arm1176jzf-s -mfpu=vfp -mfloat-abi=hard -o CMakeFiles/cmTryCompileExec1223847094.dir/CMakeCXXCompilerABI.cpp.o -c /usr/share/cmake-3.2/Modules/CMakeCXXCompilerABI.cpp]
  ignore line: [Linking CXX executable cmTryCompileExec1223847094]
  ignore line: [/usr/bin/cmake -E cmake_link_script CMakeFiles/cmTryCompileExec1223847094.dir/link.txt --verbose=1]
  ignore line: [/home/ljb2208/raspberry_pi/toolchains/arm-unknown-linux-gnueabihf/bin/arm-unknown-linux-gnueabihf-g++       -v CMakeFiles/cmTryCompileExec1223847094.dir/CMakeCXXCompilerABI.cpp.o  -o cmTryCompileExec1223847094 -rdynamic  ]
  ignore line: [Using built-in specs.]
  ignore line: [COLLECT_GCC=/home/ljb2208/raspberry_pi/toolchains/arm-unknown-linux-gnueabihf/bin/arm-unknown-linux-gnueabihf-g++]
  ignore line: [COLLECT_LTO_WRAPPER=/home/ljb2208/raspberry_pi/toolchains/arm-unknown-linux-gnueabihf/libexec/gcc/arm-unknown-linux-gnueabihf/4.7.3/lto-wrapper]
  ignore line: [Target: arm-unknown-linux-gnueabihf]
  ignore line: [Configured with: /home/ljb2208/raspberry_pi/build/toolchain/.build/src/gcc-linaro-4.7-2013.01/configure --build=x86_64-build_unknown-linux-gnu --host=x86_64-build_unknown-linux-gnu --target=arm-unknown-linux-gnueabihf --prefix=/home/ljb2208/raspberry_pi/toolchains/arm-unknown-linux-gnueabihf --with-sysroot=/home/ljb2208/raspberry_pi/toolchains/arm-unknown-linux-gnueabihf/arm-unknown-linux-gnueabihf/sysroot --enable-languages=c,c++ --with-float=hard --with-pkgversion='crosstool-NG 1.18.0' --enable-__cxa_atexit --disable-libmudflap --disable-libgomp --disable-libssp --disable-libquadmath --disable-libquadmath-support --with-gmp=/home/ljb2208/raspberry_pi/build/toolchain/.build/arm-unknown-linux-gnueabihf/buildtools --with-mpfr=/home/ljb2208/raspberry_pi/build/toolchain/.build/arm-unknown-linux-gnueabihf/buildtools --with-mpc=/home/ljb2208/raspberry_pi/build/toolchain/.build/arm-unknown-linux-gnueabihf/buildtools --with-ppl=/home/ljb2208/raspberry_pi/build/toolchain/.build/arm-unknown-linux-gnueabihf/buildtools --with-cloog=/home/ljb2208/raspberry_pi/build/toolchain/.build/arm-unknown-linux-gnueabihf/buildtools --with-libelf=/home/ljb2208/raspberry_pi/build/toolchain/.build/arm-unknown-linux-gnueabihf/buildtools --with-host-libstdcxx='-static-libgcc -Wl,-Bstatic,-lstdc++,-Bdynamic -lm -L/home/ljb2208/raspberry_pi/build/toolchain/.build/arm-unknown-linux-gnueabihf/buildtools/lib -lpwl' --enable-threads=posix --enable-target-optspace --disable-nls --disable-multilib --with-local-prefix=/home/ljb2208/raspberry_pi/toolchains/arm-unknown-linux-gnueabihf/arm-unknown-linux-gnueabihf/sysroot --enable-c99 --enable-long-long]
  ignore line: [Thread model: posix]
  ignore line: [gcc version 4.7.3 20130102 (prerelease) (crosstool-NG 1.18.0) ]
  ignore line: [COMPILER_PATH=/home/ljb2208/raspberry_pi/toolchains/arm-unknown-linux-gnueabihf/libexec/gcc/arm-unknown-linux-gnueabihf/4.7.3/:/home/ljb2208/raspberry_pi/toolchains/arm-unknown-linux-gnueabihf/libexec/gcc/arm-unknown-linux-gnueabihf/4.7.3/:/home/ljb2208/raspberry_pi/toolchains/arm-unknown-linux-gnueabihf/libexec/gcc/arm-unknown-linux-gnueabihf/:/home/ljb2208/raspberry_pi/toolchains/arm-unknown-linux-gnueabihf/lib/gcc/arm-unknown-linux-gnueabihf/4.7.3/:/home/ljb2208/raspberry_pi/toolchains/arm-unknown-linux-gnueabihf/lib/gcc/arm-unknown-linux-gnueabihf/:/home/ljb2208/raspberry_pi/toolchains/arm-unknown-linux-gnueabihf/lib/gcc/arm-unknown-linux-gnueabihf/4.7.3/../../../../arm-unknown-linux-gnueabihf/bin/]
  ignore line: [LIBRARY_PATH=/home/ljb2208/raspberry_pi/toolchains/arm-unknown-linux-gnueabihf/lib/gcc/arm-unknown-linux-gnueabihf/4.7.3/:/home/ljb2208/raspberry_pi/toolchains/arm-unknown-linux-gnueabihf/lib/gcc/arm-unknown-linux-gnueabihf/4.7.3/../../../../arm-unknown-linux-gnueabihf/lib/:/home/ljb2208/raspberry_pi/toolchains/arm-unknown-linux-gnueabihf/arm-unknown-linux-gnueabihf/sysroot/lib/:/home/ljb2208/raspberry_pi/toolchains/arm-unknown-linux-gnueabihf/arm-unknown-linux-gnueabihf/sysroot/usr/lib/]
  ignore line: [COLLECT_GCC_OPTIONS='-v' '-o' 'cmTryCompileExec1223847094' '-rdynamic' '-shared-libgcc' '-mfloat-abi=hard' '-mtls-dialect=gnu']
  link line: [ /home/ljb2208/raspberry_pi/toolchains/arm-unknown-linux-gnueabihf/libexec/gcc/arm-unknown-linux-gnueabihf/4.7.3/collect2 --sysroot=/home/ljb2208/raspberry_pi/toolchains/arm-unknown-linux-gnueabihf/arm-unknown-linux-gnueabihf/sysroot --eh-frame-hdr -export-dynamic -dynamic-linker /lib/ld-linux-armhf.so.3 -X -m armelf_linux_eabi -o cmTryCompileExec1223847094 /home/ljb2208/raspberry_pi/toolchains/arm-unknown-linux-gnueabihf/arm-unknown-linux-gnueabihf/sysroot/usr/lib/crt1.o /home/ljb2208/raspberry_pi/toolchains/arm-unknown-linux-gnueabihf/arm-unknown-linux-gnueabihf/sysroot/usr/lib/crti.o /home/ljb2208/raspberry_pi/toolchains/arm-unknown-linux-gnueabihf/lib/gcc/arm-unknown-linux-gnueabihf/4.7.3/crtbegin.o -L/home/ljb2208/raspberry_pi/toolchains/arm-unknown-linux-gnueabihf/lib/gcc/arm-unknown-linux-gnueabihf/4.7.3 -L/home/ljb2208/raspberry_pi/toolchains/arm-unknown-linux-gnueabihf/lib/gcc/arm-unknown-linux-gnueabihf/4.7.3/../../../../arm-unknown-linux-gnueabihf/lib -L/home/ljb2208/raspberry_pi/toolchains/arm-unknown-linux-gnueabihf/arm-unknown-linux-gnueabihf/sysroot/lib -L/home/ljb2208/raspberry_pi/toolchains/arm-unknown-linux-gnueabihf/arm-unknown-linux-gnueabihf/sysroot/usr/lib CMakeFiles/cmTryCompileExec1223847094.dir/CMakeCXXCompilerABI.cpp.o -lstdc++ -lm -lgcc_s -lgcc -lc -lgcc_s -lgcc /home/ljb2208/raspberry_pi/toolchains/arm-unknown-linux-gnueabihf/lib/gcc/arm-unknown-linux-gnueabihf/4.7.3/crtend.o /home/ljb2208/raspberry_pi/toolchains/arm-unknown-linux-gnueabihf/arm-unknown-linux-gnueabihf/sysroot/usr/lib/crtn.o]
    arg [/home/ljb2208/raspberry_pi/toolchains/arm-unknown-linux-gnueabihf/libexec/gcc/arm-unknown-linux-gnueabihf/4.7.3/collect2] ==> ignore
    arg [--sysroot=/home/ljb2208/raspberry_pi/toolchains/arm-unknown-linux-gnueabihf/arm-unknown-linux-gnueabihf/sysroot] ==> ignore
    arg [--eh-frame-hdr] ==> ignore
    arg [-export-dynamic] ==> ignore
    arg [-dynamic-linker] ==> ignore
    arg [/lib/ld-linux-armhf.so.3] ==> ignore
    arg [-X] ==> ignore
    arg [-m] ==> ignore
    arg [armelf_linux_eabi] ==> ignore
    arg [-o] ==> ignore
    arg [cmTryCompileExec1223847094] ==> ignore
    arg [/home/ljb2208/raspberry_pi/toolchains/arm-unknown-linux-gnueabihf/arm-unknown-linux-gnueabihf/sysroot/usr/lib/crt1.o] ==> ignore
    arg [/home/ljb2208/raspberry_pi/toolchains/arm-unknown-linux-gnueabihf/arm-unknown-linux-gnueabihf/sysroot/usr/lib/crti.o] ==> ignore
    arg [/home/ljb2208/raspberry_pi/toolchains/arm-unknown-linux-gnueabihf/lib/gcc/arm-unknown-linux-gnueabihf/4.7.3/crtbegin.o] ==> ignore
    arg [-L/home/ljb2208/raspberry_pi/toolchains/arm-unknown-linux-gnueabihf/lib/gcc/arm-unknown-linux-gnueabihf/4.7.3] ==> dir [/home/ljb2208/raspberry_pi/toolchains/arm-unknown-linux-gnueabihf/lib/gcc/arm-unknown-linux-gnueabihf/4.7.3]
    arg [-L/home/ljb2208/raspberry_pi/toolchains/arm-unknown-linux-gnueabihf/lib/gcc/arm-unknown-linux-gnueabihf/4.7.3/../../../../arm-unknown-linux-gnueabihf/lib] ==> dir [/home/ljb2208/raspberry_pi/toolchains/arm-unknown-linux-gnueabihf/lib/gcc/arm-unknown-linux-gnueabihf/4.7.3/../../../../arm-unknown-linux-gnueabihf/lib]
    arg [-L/home/ljb2208/raspberry_pi/toolchains/arm-unknown-linux-gnueabihf/arm-unknown-linux-gnueabihf/sysroot/lib] ==> dir [/home/ljb2208/raspberry_pi/toolchains/arm-unknown-linux-gnueabihf/arm-unknown-linux-gnueabihf/sysroot/lib]
    arg [-L/home/ljb2208/raspberry_pi/toolchains/arm-unknown-linux-gnueabihf/arm-unknown-linux-gnueabihf/sysroot/usr/lib] ==> dir [/home/ljb2208/raspberry_pi/toolchains/arm-unknown-linux-gnueabihf/arm-unknown-linux-gnueabihf/sysroot/usr/lib]
    arg [CMakeFiles/cmTryCompileExec1223847094.dir/CMakeCXXCompilerABI.cpp.o] ==> ignore
    arg [-lstdc++] ==> lib [stdc++]
    arg [-lm] ==> lib [m]
    arg [-lgcc_s] ==> lib [gcc_s]
    arg [-lgcc] ==> lib [gcc]
    arg [-lc] ==> lib [c]
    arg [-lgcc_s] ==> lib [gcc_s]
    arg [-lgcc] ==> lib [gcc]
    arg [/home/ljb2208/raspberry_pi/toolchains/arm-unknown-linux-gnueabihf/lib/gcc/arm-unknown-linux-gnueabihf/4.7.3/crtend.o] ==> ignore
    arg [/home/ljb2208/raspberry_pi/toolchains/arm-unknown-linux-gnueabihf/arm-unknown-linux-gnueabihf/sysroot/usr/lib/crtn.o] ==> ignore
  remove lib [gcc_s]
  remove lib [gcc]
  remove lib [gcc_s]
  remove lib [gcc]
  collapse library dir [/home/ljb2208/raspberry_pi/toolchains/arm-unknown-linux-gnueabihf/lib/gcc/arm-unknown-linux-gnueabihf/4.7.3] ==> [/home/ljb2208/raspberry_pi/toolchains/arm-unknown-linux-gnueabihf/lib/gcc/arm-unknown-linux-gnueabihf/4.7.3]
  collapse library dir [/home/ljb2208/raspberry_pi/toolchains/arm-unknown-linux-gnueabihf/lib/gcc/arm-unknown-linux-gnueabihf/4.7.3/../../../../arm-unknown-linux-gnueabihf/lib] ==> [/home/ljb2208/raspberry_pi/toolchains/arm-unknown-linux-gnueabihf/arm-unknown-linux-gnueabihf/lib]
  collapse library dir [/home/ljb2208/raspberry_pi/toolchains/arm-unknown-linux-gnueabihf/arm-unknown-linux-gnueabihf/sysroot/lib] ==> [/home/ljb2208/raspberry_pi/toolchains/arm-unknown-linux-gnueabihf/arm-unknown-linux-gnueabihf/sysroot/lib]
  collapse library dir [/home/ljb2208/raspberry_pi/toolchains/arm-unknown-linux-gnueabihf/arm-unknown-linux-gnueabihf/sysroot/usr/lib] ==> [/home/ljb2208/raspberry_pi/toolchains/arm-unknown-linux-gnueabihf/arm-unknown-linux-gnueabihf/sysroot/usr/lib]
  implicit libs: [stdc++;m;c]
  implicit dirs: [/home/ljb2208/raspberry_pi/toolchains/arm-unknown-linux-gnueabihf/lib/gcc/arm-unknown-linux-gnueabihf/4.7.3;/home/ljb2208/raspberry_pi/toolchains/arm-unknown-linux-gnueabihf/arm-unknown-linux-gnueabihf/lib;/home/ljb2208/raspberry_pi/toolchains/arm-unknown-linux-gnueabihf/arm-unknown-linux-gnueabihf/sysroot/lib;/home/ljb2208/raspberry_pi/toolchains/arm-unknown-linux-gnueabihf/arm-unknown-linux-gnueabihf/sysroot/usr/lib]
  implicit fwks: []




Detecting CXX [-std=c++11] compiler features compiled with the following output:
Change Dir: /home/ljb2208/development/wifi/xwf/build/arm-linux/release/CMakeFiles/CMakeTmp

Run Build Command:"/usr/bin/make" "cmTryCompileExec2729511964/fast"
/usr/bin/make -f CMakeFiles/cmTryCompileExec2729511964.dir/build.make CMakeFiles/cmTryCompileExec2729511964.dir/build
make[1]: Entering directory `/home/ljb2208/development/wifi/xwf/build/arm-linux/release/CMakeFiles/CMakeTmp'
/usr/bin/cmake -E cmake_progress_report /home/ljb2208/development/wifi/xwf/build/arm-linux/release/CMakeFiles/CMakeTmp/CMakeFiles 1
Building CXX object CMakeFiles/cmTryCompileExec2729511964.dir/feature_tests.cxx.o
/home/ljb2208/raspberry_pi/toolchains/arm-unknown-linux-gnueabihf/bin/arm-unknown-linux-gnueabihf-g++    -mcpu=arm1176jzf-s -mfpu=vfp -mfloat-abi=hard -std=c++11 -o CMakeFiles/cmTryCompileExec2729511964.dir/feature_tests.cxx.o -c /home/ljb2208/development/wifi/xwf/build/arm-linux/release/CMakeFiles/feature_tests.cxx
Linking CXX executable cmTryCompileExec2729511964
/usr/bin/cmake -E cmake_link_script CMakeFiles/cmTryCompileExec2729511964.dir/link.txt --verbose=1
/home/ljb2208/raspberry_pi/toolchains/arm-unknown-linux-gnueabihf/bin/arm-unknown-linux-gnueabihf-g++        CMakeFiles/cmTryCompileExec2729511964.dir/feature_tests.cxx.o  -o cmTryCompileExec2729511964 -rdynamic 
make[1]: Leaving directory `/home/ljb2208/development/wifi/xwf/build/arm-linux/release/CMakeFiles/CMakeTmp'


    Feature record: CXX_FEATURE:0cxx_aggregate_default_initializers
    Feature record: CXX_FEATURE:1cxx_alias_templates
    Feature record: CXX_FEATURE:0cxx_alignas
    Feature record: CXX_FEATURE:0cxx_alignof
    Feature record: CXX_FEATURE:0cxx_attributes
    Feature record: CXX_FEATURE:0cxx_attribute_deprecated
    Feature record: CXX_FEATURE:1cxx_auto_type
    Feature record: CXX_FEATURE:0cxx_binary_literals
    Feature record: CXX_FEATURE:1cxx_constexpr
    Feature record: CXX_FEATURE:0cxx_contextual_conversions
    Feature record: CXX_FEATURE:1cxx_decltype
    Feature record: CXX_FEATURE:0cxx_decltype_auto
    Feature record: CXX_FEATURE:0cxx_decltype_incomplete_return_types
    Feature record: CXX_FEATURE:1cxx_default_function_template_args
    Feature record: CXX_FEATURE:1cxx_defaulted_functions
    Feature record: CXX_FEATURE:1cxx_defaulted_move_initializers
    Feature record: CXX_FEATURE:1cxx_delegating_constructors
    Feature record: CXX_FEATURE:1cxx_deleted_functions
    Feature record: CXX_FEATURE:0cxx_digit_separators
    Feature record: CXX_FEATURE:1cxx_enum_forward_declarations
    Feature record: CXX_FEATURE:1cxx_explicit_conversions
    Feature record: CXX_FEATURE:1cxx_extended_friend_declarations
    Feature record: CXX_FEATURE:1cxx_extern_templates
    Feature record: CXX_FEATURE:1cxx_final
    Feature record: CXX_FEATURE:1cxx_func_identifier
    Feature record: CXX_FEATURE:1cxx_generalized_initializers
    Feature record: CXX_FEATURE:0cxx_generic_lambdas
    Feature record: CXX_FEATURE:0cxx_inheriting_constructors
    Feature record: CXX_FEATURE:1cxx_inline_namespaces
    Feature record: CXX_FEATURE:1cxx_lambdas
    Feature record: CXX_FEATURE:0cxx_lambda_init_captures
    Feature record: CXX_FEATURE:1cxx_local_type_template_args
    Feature record: CXX_FEATURE:1cxx_long_long_type
    Feature record: CXX_FEATURE:1cxx_noexcept
    Feature record: CXX_FEATURE:1cxx_nonstatic_member_init
    Feature record: CXX_FEATURE:1cxx_nullptr
    Feature record: CXX_FEATURE:1cxx_override
    Feature record: CXX_FEATURE:1cxx_range_for
    Feature record: CXX_FEATURE:1cxx_raw_string_literals
    Feature record: CXX_FEATURE:0cxx_reference_qualified_functions
    Feature record: CXX_FEATURE:0cxx_relaxed_constexpr
    Feature record: CXX_FEATURE:0cxx_return_type_deduction
    Feature record: CXX_FEATURE:1cxx_right_angle_brackets
    Feature record: CXX_FEATURE:1cxx_rvalue_references
    Feature record: CXX_FEATURE:1cxx_sizeof_member
    Feature record: CXX_FEATURE:1cxx_static_assert
    Feature record: CXX_FEATURE:1cxx_strong_enums
    Feature record: CXX_FEATURE:1cxx_template_template_parameters
    Feature record: CXX_FEATURE:0cxx_thread_local
    Feature record: CXX_FEATURE:1cxx_trailing_return_types
    Feature record: CXX_FEATURE:1cxx_unicode_literals
    Feature record: CXX_FEATURE:1cxx_uniform_initialization
    Feature record: CXX_FEATURE:1cxx_unrestricted_unions
    Feature record: CXX_FEATURE:1cxx_user_literals
    Feature record: CXX_FEATURE:0cxx_variable_templates
    Feature record: CXX_FEATURE:1cxx_variadic_macros
    Feature record: CXX_FEATURE:1cxx_variadic_templates


Detecting CXX [-std=c++98] compiler features compiled with the following output:
Change Dir: /home/ljb2208/development/wifi/xwf/build/arm-linux/release/CMakeFiles/CMakeTmp

Run Build Command:"/usr/bin/make" "cmTryCompileExec613768115/fast"
/usr/bin/make -f CMakeFiles/cmTryCompileExec613768115.dir/build.make CMakeFiles/cmTryCompileExec613768115.dir/build
make[1]: Entering directory `/home/ljb2208/development/wifi/xwf/build/arm-linux/release/CMakeFiles/CMakeTmp'
/usr/bin/cmake -E cmake_progress_report /home/ljb2208/development/wifi/xwf/build/arm-linux/release/CMakeFiles/CMakeTmp/CMakeFiles 1
Building CXX object CMakeFiles/cmTryCompileExec613768115.dir/feature_tests.cxx.o
/home/ljb2208/raspberry_pi/toolchains/arm-unknown-linux-gnueabihf/bin/arm-unknown-linux-gnueabihf-g++    -mcpu=arm1176jzf-s -mfpu=vfp -mfloat-abi=hard -std=c++98 -o CMakeFiles/cmTryCompileExec613768115.dir/feature_tests.cxx.o -c /home/ljb2208/development/wifi/xwf/build/arm-linux/release/CMakeFiles/feature_tests.cxx
Linking CXX executable cmTryCompileExec613768115
/usr/bin/cmake -E cmake_link_script CMakeFiles/cmTryCompileExec613768115.dir/link.txt --verbose=1
/home/ljb2208/raspberry_pi/toolchains/arm-unknown-linux-gnueabihf/bin/arm-unknown-linux-gnueabihf-g++        CMakeFiles/cmTryCompileExec613768115.dir/feature_tests.cxx.o  -o cmTryCompileExec613768115 -rdynamic 
make[1]: Leaving directory `/home/ljb2208/development/wifi/xwf/build/arm-linux/release/CMakeFiles/CMakeTmp'


    Feature record: CXX_FEATURE:0cxx_aggregate_default_initializers
    Feature record: CXX_FEATURE:0cxx_alias_templates
    Feature record: CXX_FEATURE:0cxx_alignas
    Feature record: CXX_FEATURE:0cxx_alignof
    Feature record: CXX_FEATURE:0cxx_attributes
    Feature record: CXX_FEATURE:0cxx_attribute_deprecated
    Feature record: CXX_FEATURE:0cxx_auto_type
    Feature record: CXX_FEATURE:0cxx_binary_literals
    Feature record: CXX_FEATURE:0cxx_constexpr
    Feature record: CXX_FEATURE:0cxx_contextual_conversions
    Feature record: CXX_FEATURE:0cxx_decltype
    Feature record: CXX_FEATURE:0cxx_decltype_auto
    Feature record: CXX_FEATURE:0cxx_decltype_incomplete_return_types
    Feature record: CXX_FEATURE:0cxx_default_function_template_args
    Feature record: CXX_FEATURE:0cxx_defaulted_functions
    Feature record: CXX_FEATURE:0cxx_defaulted_move_initializers
    Feature record: CXX_FEATURE:0cxx_delegating_constructors
    Feature record: CXX_FEATURE:0cxx_deleted_functions
    Feature record: CXX_FEATURE:0cxx_digit_separators
    Feature record: CXX_FEATURE:0cxx_enum_forward_declarations
    Feature record: CXX_FEATURE:0cxx_explicit_conversions
    Feature record: CXX_FEATURE:0cxx_extended_friend_declarations
    Feature record: CXX_FEATURE:0cxx_extern_templates
    Feature record: CXX_FEATURE:0cxx_final
    Feature record: CXX_FEATURE:0cxx_func_identifier
    Feature record: CXX_FEATURE:0cxx_generalized_initializers
    Feature record: CXX_FEATURE:0cxx_generic_lambdas
    Feature record: CXX_FEATURE:0cxx_inheriting_constructors
    Feature record: CXX_FEATURE:0cxx_inline_namespaces
    Feature record: CXX_FEATURE:0cxx_lambdas
    Feature record: CXX_FEATURE:0cxx_lambda_init_captures
    Feature record: CXX_FEATURE:0cxx_local_type_template_args
    Feature record: CXX_FEATURE:0cxx_long_long_type
    Feature record: CXX_FEATURE:0cxx_noexcept
    Feature record: CXX_FEATURE:0cxx_nonstatic_member_init
    Feature record: CXX_FEATURE:0cxx_nullptr
    Feature record: CXX_FEATURE:0cxx_override
    Feature record: CXX_FEATURE:0cxx_range_for
    Feature record: CXX_FEATURE:0cxx_raw_string_literals
    Feature record: CXX_FEATURE:0cxx_reference_qualified_functions
    Feature record: CXX_FEATURE:0cxx_relaxed_constexpr
    Feature record: CXX_FEATURE:0cxx_return_type_deduction
    Feature record: CXX_FEATURE:0cxx_right_angle_brackets
    Feature record: CXX_FEATURE:0cxx_rvalue_references
    Feature record: CXX_FEATURE:0cxx_sizeof_member
    Feature record: CXX_FEATURE:0cxx_static_assert
    Feature record: CXX_FEATURE:0cxx_strong_enums
    Feature record: CXX_FEATURE:1cxx_template_template_parameters
    Feature record: CXX_FEATURE:0cxx_thread_local
    Feature record: CXX_FEATURE:0cxx_trailing_return_types
    Feature record: CXX_FEATURE:0cxx_unicode_literals
    Feature record: CXX_FEATURE:0cxx_uniform_initialization
    Feature record: CXX_FEATURE:0cxx_unrestricted_unions
    Feature record: CXX_FEATURE:0cxx_user_literals
    Feature record: CXX_FEATURE:0cxx_variable_templates
    Feature record: CXX_FEATURE:0cxx_variadic_macros
    Feature record: CXX_FEATURE:0cxx_variadic_templates
